app/build/intermediates/manifest_merge_blame_file/debug/manifest-merger-blame-debug-report.txt
1<?xml version="1.0" encoding="utf-8"?>
2<manifest xmlns:android="http://schemas.android.com/apk/res/android"
3    package="com.bn.box2d.sndls"
4    android:versionCode="1"
5    android:versionName="1.0" >
6
7    <uses-sdk
8        android:minSdkVersion="26"
9        android:targetSdkVersion="33" />
10
11    <application
11-->src\main\AndroidManifest.xml:5:5-14:19
12        android:debuggable="true"
13        android:extractNativeLibs="false"
14        android:icon="@drawable/icon"
14-->src\main\AndroidManifest.xml:5:18-47
15        android:label="@string/app_name"
15-->src\main\AndroidManifest.xml:5:48-80
16        android:testOnly="true" >
17        <activity
17-->src\main\AndroidManifest.xml:6:9-13:20
18            android:name="com.bn.box2d.sndls.MyBox2dActivity"
18-->src\main\AndroidManifest.xml:6:19-68
19            android:exported="true"
19-->src\main\AndroidManifest.xml:8:13-36
20            android:label="@string/app_name" >
20-->src\main\AndroidManifest.xml:7:19-51
21            <intent-filter>
21-->src\main\AndroidManifest.xml:9:13-12:29
22                <action android:name="android.intent.action.MAIN" />
22-->src\main\AndroidManifest.xml:10:17-69
22-->src\main\AndroidManifest.xml:10:25-66
23
24                <category android:name="android.intent.category.LAUNCHER" />
24-->src\main\AndroidManifest.xml:11:17-77
24-->src\main\AndroidManifest.xml:11:27-74
25            </intent-filter>
26        </activity>
27    </application>
28
29</manifest>